2017-03-12 20:38:52.584 9085 INFO migrate.versioning.api [-] 66 -> 67... 
2017-03-12 20:38:53.980 9085 INFO migrate.versioning.api [-] done
2017-03-12 20:38:53.984 9085 INFO migrate.versioning.api [-] 67 -> 68... 
2017-03-12 20:38:54.011 9085 INFO migrate.versioning.api [-] done
2017-03-12 20:38:54.016 9085 INFO migrate.versioning.api [-] 68 -> 69... 
2017-03-12 20:38:54.043 9085 INFO migrate.versioning.api [-] done
2017-03-12 20:38:54.047 9085 INFO migrate.versioning.api [-] 69 -> 70... 
2017-03-12 20:38:54.096 9085 INFO migrate.versioning.api [-] done
2017-03-12 20:38:54.099 9085 INFO migrate.versioning.api [-] 70 -> 71... 
2017-03-12 20:38:54.127 9085 INFO migrate.versioning.api [-] done
2017-03-12 20:38:54.130 9085 INFO migrate.versioning.api [-] 71 -> 72... 
2017-03-12 20:38:54.159 9085 INFO migrate.versioning.api [-] done
2017-03-12 20:38:54.163 9085 INFO migrate.versioning.api [-] 72 -> 73... 
2017-03-12 20:38:54.827 9085 INFO migrate.versioning.api [-] done
2017-03-12 20:38:54.831 9085 INFO migrate.versioning.api [-] 73 -> 74... 
2017-03-12 20:38:54.911 9085 INFO migrate.versioning.api [-] done
2017-03-12 20:38:54.914 9085 INFO migrate.versioning.api [-] 74 -> 75... 
2017-03-12 20:38:54.961 9085 INFO migrate.versioning.api [-] done
2017-03-12 20:38:54.965 9085 INFO migrate.versioning.api [-] 75 -> 76... 
2017-03-12 20:38:54.995 9085 INFO migrate.versioning.api [-] done
2017-03-12 20:38:54.999 9085 INFO migrate.versioning.api [-] 76 -> 77... 
2017-03-12 20:38:55.030 9085 INFO migrate.versioning.api [-] done
2017-03-12 20:38:55.034 9085 INFO migrate.versioning.api [-] 77 -> 78... 
2017-03-12 20:38:55.065 9085 INFO migrate.versioning.api [-] done
2017-03-12 20:38:55.069 9085 INFO migrate.versioning.api [-] 78 -> 79... 
2017-03-12 20:38:55.098 9085 INFO migrate.versioning.api [-] done
2017-03-12 20:38:55.101 9085 INFO migrate.versioning.api [-] 79 -> 80... 
2017-03-12 20:38:55.131 9085 INFO migrate.versioning.api [-] done
2017-03-12 20:38:55.136 9085 INFO migrate.versioning.api [-] 80 -> 81... 
2017-03-12 20:38:55.201 9085 INFO migrate.versioning.api [-] done
2017-03-12 20:38:55.204 9085 INFO migrate.versioning.api [-] 81 -> 82... 
2017-03-12 20:38:55.338 9085 INFO migrate.versioning.api [-] done
2017-03-12 20:38:55.341 9085 INFO migrate.versioning.api [-] 82 -> 83... 
2017-03-12 20:38:55.474 9085 INFO migrate.versioning.api [-] done
2017-03-12 20:38:55.477 9085 INFO migrate.versioning.api [-] 83 -> 84... 
2017-03-12 20:38:55.564 9085 INFO migrate.versioning.api [-] done
2017-03-12 20:38:55.568 9085 INFO migrate.versioning.api [-] 84 -> 85... 
2017-03-12 20:38:55.666 9085 INFO migrate.versioning.api [-] done
2017-03-12 20:38:55.669 9085 INFO migrate.versioning.api [-] 85 -> 86... 
2017-03-12 20:38:55.793 9085 INFO migrate.versioning.api [-] done
2017-03-12 20:38:55.795 9085 INFO migrate.versioning.api [-] 86 -> 87... 
2017-03-12 20:38:56.026 9085 INFO migrate.versioning.api [-] done
2017-03-12 20:38:56.029 9085 INFO migrate.versioning.api [-] 87 -> 88... 
2017-03-12 20:38:56.220 9085 INFO migrate.versioning.api [-] done
2017-03-12 20:38:56.223 9085 INFO migrate.versioning.api [-] 88 -> 89... 
2017-03-12 20:38:56.323 9085 INFO migrate.versioning.api [-] done
2017-03-12 20:38:56.325 9085 INFO migrate.versioning.api [-] 89 -> 90... 
2017-03-12 20:38:56.427 9085 INFO migrate.versioning.api [-] done
2017-03-12 20:38:56.430 9085 INFO migrate.versioning.api [-] 90 -> 91... 
2017-03-12 20:38:56.696 9085 INFO migrate.versioning.api [-] done
2017-03-12 20:38:56.699 9085 INFO migrate.versioning.api [-] 91 -> 92... 
2017-03-12 20:38:56.962 9085 INFO migrate.versioning.api [-] done
2017-03-12 20:38:56.965 9085 INFO migrate.versioning.api [-] 92 -> 93... 
2017-03-12 20:38:57.373 9085 INFO migrate.versioning.api [-] done
2017-03-12 20:38:57.376 9085 INFO migrate.versioning.api [-] 93 -> 94... 
2017-03-12 20:38:57.581 9085 INFO migrate.versioning.api [-] done
2017-03-12 20:38:57.584 9085 INFO migrate.versioning.api [-] 94 -> 95... 
2017-03-12 20:38:57.734 9085 INFO migrate.versioning.api [-] done
2017-03-12 20:38:57.738 9085 INFO migrate.versioning.api [-] 95 -> 96... 
2017-03-12 20:38:57.775 9085 INFO migrate.versioning.api [-] done
2017-03-12 20:38:57.782 9085 INFO migrate.versioning.api [-] 96 -> 97... 
2017-03-12 20:38:57.820 9085 INFO migrate.versioning.api [-] done
2017-03-12 20:39:00.221 9094 WARNING keystone.cmd.cli [-] Deprecated: keystone-manage pki_setup is deprecated as of Mitaka in favor of not using PKI tokens and may be removed in 'O' release.
2017-03-12 20:39:00.225 9094 WARNING keystone.cmd.cli [-] keystone-manage pki_setup is not recommended for production use.
2017-03-12 20:39:00.252 9094 INFO keystone.common.openssl [-] Running command - openssl genrsa -out /etc/keystone/ssl/private/cakey.pem 2048
2017-03-12 20:39:00.489 9094 INFO keystone.common.openssl [-] Running command - openssl req -new -x509 -extensions v3_ca -key /etc/keystone/ssl/private/cakey.pem -out /etc/keystone/ssl/certs/ca.pem -days 3650 -config /etc/keystone/ssl/certs/openssl.conf -subj /C=US/ST=Unset/L=Unset/O=Unset/CN=www.example.com
2017-03-12 20:39:00.533 9094 INFO keystone.common.openssl [-] Running command - openssl genrsa -out /etc/keystone/ssl/private/signing_key.pem 2048
2017-03-12 20:39:00.954 9094 INFO keystone.common.openssl [-] Running command - openssl req -key /etc/keystone/ssl/private/signing_key.pem -new -out /etc/keystone/ssl/certs/req.pem -config /etc/keystone/ssl/certs/openssl.conf -subj /C=US/ST=Unset/L=Unset/O=Unset/CN=www.example.com
2017-03-12 20:39:00.997 9094 INFO keystone.common.openssl [-] Running command - openssl ca -batch -out /etc/keystone/ssl/certs/signing_cert.pem -config /etc/keystone/ssl/certs/openssl.conf -days 3650d -cert /etc/keystone/ssl/certs/ca.pem -keyfile /etc/keystone/ssl/private/cakey.pem -infiles /etc/keystone/ssl/certs/req.pem
2017-03-12 20:48:05.301 9264 INFO migrate.versioning.api [-] 66 -> 67... 
2017-03-12 20:48:06.955 9264 INFO migrate.versioning.api [-] done
2017-03-12 20:48:06.961 9264 INFO migrate.versioning.api [-] 67 -> 68... 
2017-03-12 20:48:06.983 9264 INFO migrate.versioning.api [-] done
2017-03-12 20:48:06.987 9264 INFO migrate.versioning.api [-] 68 -> 69... 
2017-03-12 20:48:07.009 9264 INFO migrate.versioning.api [-] done
2017-03-12 20:48:07.014 9264 INFO migrate.versioning.api [-] 69 -> 70... 
2017-03-12 20:48:07.036 9264 INFO migrate.versioning.api [-] done
2017-03-12 20:48:07.041 9264 INFO migrate.versioning.api [-] 70 -> 71... 
2017-03-12 20:48:07.067 9264 INFO migrate.versioning.api [-] done
2017-03-12 20:48:07.071 9264 INFO migrate.versioning.api [-] 71 -> 72... 
2017-03-12 20:48:07.093 9264 INFO migrate.versioning.api [-] done
2017-03-12 20:48:07.098 9264 INFO migrate.versioning.api [-] 72 -> 73... 
2017-03-12 20:48:07.283 9264 INFO migrate.versioning.api [-] done
2017-03-12 20:48:07.287 9264 INFO migrate.versioning.api [-] 73 -> 74... 
2017-03-12 20:48:07.498 9264 INFO migrate.versioning.api [-] done
2017-03-12 20:48:07.501 9264 INFO migrate.versioning.api [-] 74 -> 75... 
2017-03-12 20:48:07.587 9264 INFO migrate.versioning.api [-] done
2017-03-12 20:48:07.593 9264 INFO migrate.versioning.api [-] 75 -> 76... 
2017-03-12 20:48:07.615 9264 INFO migrate.versioning.api [-] done
2017-03-12 20:48:07.619 9264 INFO migrate.versioning.api [-] 76 -> 77... 
2017-03-12 20:48:07.640 9264 INFO migrate.versioning.api [-] done
2017-03-12 20:48:07.643 9264 INFO migrate.versioning.api [-] 77 -> 78... 
2017-03-12 20:48:07.665 9264 INFO migrate.versioning.api [-] done
2017-03-12 20:48:07.669 9264 INFO migrate.versioning.api [-] 78 -> 79... 
2017-03-12 20:48:07.692 9264 INFO migrate.versioning.api [-] done
2017-03-12 20:48:07.696 9264 INFO migrate.versioning.api [-] 79 -> 80... 
2017-03-12 20:48:07.720 9264 INFO migrate.versioning.api [-] done
2017-03-12 20:48:07.723 9264 INFO migrate.versioning.api [-] 80 -> 81... 
2017-03-12 20:48:07.810 9264 INFO migrate.versioning.api [-] done
2017-03-12 20:48:07.814 9264 INFO migrate.versioning.api [-] 81 -> 82... 
2017-03-12 20:48:08.027 9264 INFO migrate.versioning.api [-] done
2017-03-12 20:48:08.031 9264 INFO migrate.versioning.api [-] 82 -> 83... 
2017-03-12 20:48:08.414 9264 INFO migrate.versioning.api [-] done
2017-03-12 20:48:08.417 9264 INFO migrate.versioning.api [-] 83 -> 84... 
2017-03-12 20:48:08.545 9264 INFO migrate.versioning.api [-] done
2017-03-12 20:48:08.547 9264 INFO migrate.versioning.api [-] 84 -> 85... 
2017-03-12 20:48:08.741 9264 INFO migrate.versioning.api [-] done
2017-03-12 20:48:08.744 9264 INFO migrate.versioning.api [-] 85 -> 86... 
2017-03-12 20:48:08.825 9264 INFO migrate.versioning.api [-] done
2017-03-12 20:48:08.827 9264 INFO migrate.versioning.api [-] 86 -> 87... 
2017-03-12 20:48:09.009 9264 INFO migrate.versioning.api [-] done
2017-03-12 20:48:09.011 9264 INFO migrate.versioning.api [-] 87 -> 88... 
2017-03-12 20:48:09.190 9264 INFO migrate.versioning.api [-] done
2017-03-12 20:48:09.193 9264 INFO migrate.versioning.api [-] 88 -> 89... 
2017-03-12 20:48:09.251 9264 INFO migrate.versioning.api [-] done
2017-03-12 20:48:09.257 9264 INFO migrate.versioning.api [-] 89 -> 90... 
2017-03-12 20:48:09.397 9264 INFO migrate.versioning.api [-] done
2017-03-12 20:48:09.399 9264 INFO migrate.versioning.api [-] 90 -> 91... 
2017-03-12 20:48:09.778 9264 INFO migrate.versioning.api [-] done
2017-03-12 20:48:09.781 9264 INFO migrate.versioning.api [-] 91 -> 92... 
2017-03-12 20:48:10.043 9264 INFO migrate.versioning.api [-] done
2017-03-12 20:48:10.045 9264 INFO migrate.versioning.api [-] 92 -> 93... 
2017-03-12 20:48:10.391 9264 INFO migrate.versioning.api [-] done
2017-03-12 20:48:10.393 9264 INFO migrate.versioning.api [-] 93 -> 94... 
2017-03-12 20:48:10.560 9264 INFO migrate.versioning.api [-] done
2017-03-12 20:48:10.562 9264 INFO migrate.versioning.api [-] 94 -> 95... 
2017-03-12 20:48:10.815 9264 INFO migrate.versioning.api [-] done
2017-03-12 20:48:10.817 9264 INFO migrate.versioning.api [-] 95 -> 96... 
2017-03-12 20:48:10.852 9264 INFO migrate.versioning.api [-] done
2017-03-12 20:48:10.854 9264 INFO migrate.versioning.api [-] 96 -> 97... 
2017-03-12 20:48:10.937 9264 INFO migrate.versioning.api [-] done
2017-03-12 20:50:16.269 9295 INFO keystone.token.providers.fernet.utils [-] [fernet_tokens] key_repository does not appear to exist; attempting to create it
2017-03-12 20:50:16.284 9295 INFO keystone.token.providers.fernet.utils [-] Created a new key: /etc/keystone/fernet-keys/0
2017-03-12 20:50:16.291 9295 INFO keystone.token.providers.fernet.utils [-] Starting key rotation with 1 key files: ['/etc/keystone/fernet-keys/0']
2017-03-12 20:50:16.300 9295 INFO keystone.token.providers.fernet.utils [-] Current primary key is: 0
2017-03-12 20:50:16.309 9295 INFO keystone.token.providers.fernet.utils [-] Next primary key will be: 1
2017-03-12 20:50:16.319 9295 INFO keystone.token.providers.fernet.utils [-] Promoted key 0 to be the primary: 1
2017-03-12 20:50:16.331 9295 INFO keystone.token.providers.fernet.utils [-] Created a new key: /etc/keystone/fernet-keys/0
